<?xml version="1.0" encoding="UTF-8"?>
<!-- Generated by org.testng.reporters.JUnitXMLReporter -->
<testsuite ignored="1" hostname="Manish-Mali" failures="0" tests="1" name="Test" time="13.941" errors="0" timestamp="2024-08-13T19:33:59 IST">
  <testcase classname="com.openCart.testCases.TC_RegistrationTest_001" name="registrationTest" time="3.271"/>
  <testcase classname="com.openCart.testCases.TC_002_LoginTest" name="loginTest" time="0.0">
    <ignored/>
  </testcase> <!-- loginTest -->
</testsuite> <!-- Test -->
