<?xml version="1.0" encoding="UTF-8"?>
<!-- Generated by org.testng.reporters.JUnitXMLReporter -->
<testsuite ignored="0" hostname="Manish-Mali" failures="1" tests="2" name="Test" time="29.191" errors="0" timestamp="2024-08-13T18:39:21 IST">
  <testcase classname="com.openCart.testCases.TC_RegistrationTest_001" name="registrationTest" time="3.775"/>
  <testcase classname="com.openCart.testCases.TC_002_LoginTest" name="loginTest" time="12.248">
    <failure type="java.lang.AssertionError" message="expected [true] but found [false]">
      <![CDATA[java.lang.AssertionError: expected [true] but found [false]
at com.openCart.testCases.TC_002_LoginTest.loginTest(TC_002_LoginTest.java:41)
at java.base/java.util.ArrayList.forEach(ArrayList.java:1511)
... Removed 31 stack frames]]>
    </failure>
  </testcase> <!-- loginTest -->
</testsuite> <!-- Test -->
