<?xml version="1.0" encoding="UTF-8"?>
<testng-results ignored="0" total="2" passed="2" failed="0" skipped="0">
  <reporter-output>
  </reporter-output>
  <suite started-at="2024-09-01T08:30:33 IST" name="Master Suite" finished-at="2024-09-01T08:30:57 IST" duration-ms="23807">
    <groups>
      <group name="Master">
        <method signature="TC_RegistrationTest_001.registrationTest()[pri:1, instance:com.openCart.testCases.TC_RegistrationTest_001@62452cc9]" name="registrationTest" class="com.openCart.testCases.TC_RegistrationTest_001"/>
        <method signature="TC_002_LoginTest.loginTest()[pri:2, instance:com.openCart.testCases.TC_002_LoginTest@5bc9ba1d]" name="loginTest" class="com.openCart.testCases.TC_002_LoginTest"/>
      </group> <!-- Master -->
      <group name="Sanity">
        <method signature="TC_002_LoginTest.loginTest()[pri:2, instance:com.openCart.testCases.TC_002_LoginTest@5bc9ba1d]" name="loginTest" class="com.openCart.testCases.TC_002_LoginTest"/>
      </group> <!-- Sanity -->
      <group name="Regression">
        <method signature="TC_RegistrationTest_001.registrationTest()[pri:1, instance:com.openCart.testCases.TC_RegistrationTest_001@62452cc9]" name="registrationTest" class="com.openCart.testCases.TC_RegistrationTest_001"/>
      </group> <!-- Regression -->
    </groups>
    <test started-at="2024-09-01T08:30:33 IST" name="Test" finished-at="2024-09-01T08:30:57 IST" duration-ms="23807">
      <class name="com.openCart.testCases.TC_002_LoginTest">
        <test-method is-config="true" signature="setUp(java.lang.String,java.lang.String)[pri:0, instance:com.openCart.testCases.TC_002_LoginTest@5bc9ba1d]" started-at="2024-09-01T08:30:49 IST" name="setUp" finished-at="2024-09-01T08:30:53 IST" duration-ms="4051" status="PASS">
          <params>
            <param index="0">
              <value>
                <![CDATA[Windows]]>
              </value>
            </param>
            <param index="1">
              <value>
                <![CDATA[chrome]]>
              </value>
            </param>
          </params>
          <reporter-output>
          </reporter-output>
        </test-method> <!-- setUp -->
        <test-method signature="loginTest()[pri:2, instance:com.openCart.testCases.TC_002_LoginTest@5bc9ba1d]" started-at="2024-09-01T08:30:53 IST" name="loginTest" finished-at="2024-09-01T08:30:56 IST" duration-ms="3052" status="PASS">
          <reporter-output>
          </reporter-output>
        </test-method> <!-- loginTest -->
        <test-method is-config="true" signature="tearDown()[pri:0, instance:com.openCart.testCases.TC_002_LoginTest@5bc9ba1d]" started-at="2024-09-01T08:30:56 IST" name="tearDown" finished-at="2024-09-01T08:30:57 IST" duration-ms="656" status="PASS">
          <reporter-output>
          </reporter-output>
        </test-method> <!-- tearDown -->
      </class> <!-- com.openCart.testCases.TC_002_LoginTest -->
      <class name="com.openCart.testCases.TC_RegistrationTest_001">
        <test-method is-config="true" signature="setUp(java.lang.String,java.lang.String)[pri:0, instance:com.openCart.testCases.TC_RegistrationTest_001@62452cc9]" started-at="2024-09-01T08:30:34 IST" name="setUp" finished-at="2024-09-01T08:30:44 IST" duration-ms="10178" status="PASS">
          <params>
            <param index="0">
              <value>
                <![CDATA[Windows]]>
              </value>
            </param>
            <param index="1">
              <value>
                <![CDATA[chrome]]>
              </value>
            </param>
          </params>
          <reporter-output>
          </reporter-output>
        </test-method> <!-- setUp -->
        <test-method signature="registrationTest()[pri:1, instance:com.openCart.testCases.TC_RegistrationTest_001@62452cc9]" started-at="2024-09-01T08:30:44 IST" name="registrationTest" finished-at="2024-09-01T08:30:48 IST" duration-ms="4593" status="PASS">
          <reporter-output>
          </reporter-output>
        </test-method> <!-- registrationTest -->
        <test-method is-config="true" signature="tearDown()[pri:0, instance:com.openCart.testCases.TC_RegistrationTest_001@62452cc9]" started-at="2024-09-01T08:30:49 IST" name="tearDown" finished-at="2024-09-01T08:30:49 IST" duration-ms="651" status="PASS">
          <reporter-output>
          </reporter-output>
        </test-method> <!-- tearDown -->
      </class> <!-- com.openCart.testCases.TC_RegistrationTest_001 -->
    </test> <!-- Test -->
  </suite> <!-- Master Suite -->
</testng-results>
