<?xml version="1.0" encoding="UTF-8"?>
<testng-results ignored="0" total="4" passed="4" failed="0" skipped="0">
  <reporter-output>
  </reporter-output>
  <suite started-at="2024-08-28T23:39:06 IST" name="Suite" finished-at="2024-08-28T23:39:55 IST" duration-ms="49548">
    <groups>
      <group name="Master">
        <method signature="TC_RegistrationTest_001.registrationTest()[pri:1, instance:com.openCart.testCases.TC_RegistrationTest_001@435871cb]" name="registrationTest" class="com.openCart.testCases.TC_RegistrationTest_001"/>
        <method signature="TC_002_LoginTest.loginTest()[pri:2, instance:com.openCart.testCases.TC_002_LoginTest@19fb8826]" name="loginTest" class="com.openCart.testCases.TC_002_LoginTest"/>
        <method signature="TC_RegistrationTest_001.registrationTest()[pri:1, instance:com.openCart.testCases.TC_RegistrationTest_001@50fe837a]" name="registrationTest" class="com.openCart.testCases.TC_RegistrationTest_001"/>
        <method signature="TC_002_LoginTest.loginTest()[pri:2, instance:com.openCart.testCases.TC_002_LoginTest@3a62c01e]" name="loginTest" class="com.openCart.testCases.TC_002_LoginTest"/>
      </group> <!-- Master -->
      <group name="Sanity">
        <method signature="TC_002_LoginTest.loginTest()[pri:2, instance:com.openCart.testCases.TC_002_LoginTest@19fb8826]" name="loginTest" class="com.openCart.testCases.TC_002_LoginTest"/>
        <method signature="TC_002_LoginTest.loginTest()[pri:2, instance:com.openCart.testCases.TC_002_LoginTest@3a62c01e]" name="loginTest" class="com.openCart.testCases.TC_002_LoginTest"/>
      </group> <!-- Sanity -->
      <group name="Regression">
        <method signature="TC_RegistrationTest_001.registrationTest()[pri:1, instance:com.openCart.testCases.TC_RegistrationTest_001@435871cb]" name="registrationTest" class="com.openCart.testCases.TC_RegistrationTest_001"/>
        <method signature="TC_RegistrationTest_001.registrationTest()[pri:1, instance:com.openCart.testCases.TC_RegistrationTest_001@50fe837a]" name="registrationTest" class="com.openCart.testCases.TC_RegistrationTest_001"/>
      </group> <!-- Regression -->
    </groups>
    <test started-at="2024-08-28T23:39:06 IST" name="Linux-chrometest" finished-at="2024-08-28T23:39:23 IST" duration-ms="17446">
      <class name="com.openCart.testCases.TC_002_LoginTest">
        <test-method is-config="true" signature="setUp(java.lang.String,java.lang.String)[pri:0, instance:com.openCart.testCases.TC_002_LoginTest@19fb8826]" started-at="2024-08-28T23:39:17 IST" name="setUp" finished-at="2024-08-28T23:39:20 IST" duration-ms="3572" status="PASS">
          <params>
            <param index="0">
              <value>
                <![CDATA[Linux]]>
              </value>
            </param>
            <param index="1">
              <value>
                <![CDATA[chrome]]>
              </value>
            </param>
          </params>
          <reporter-output>
          </reporter-output>
        </test-method> <!-- setUp -->
        <test-method signature="loginTest()[pri:2, instance:com.openCart.testCases.TC_002_LoginTest@19fb8826]" started-at="2024-08-28T23:39:20 IST" name="loginTest" finished-at="2024-08-28T23:39:23 IST" duration-ms="2834" status="PASS">
          <reporter-output>
          </reporter-output>
        </test-method> <!-- loginTest -->
        <test-method is-config="true" signature="tearDown()[pri:0, instance:com.openCart.testCases.TC_002_LoginTest@19fb8826]" started-at="2024-08-28T23:39:23 IST" name="tearDown" finished-at="2024-08-28T23:39:23 IST" duration-ms="118" status="PASS">
          <reporter-output>
          </reporter-output>
        </test-method> <!-- tearDown -->
      </class> <!-- com.openCart.testCases.TC_002_LoginTest -->
      <class name="com.openCart.testCases.TC_RegistrationTest_001">
        <test-method is-config="true" signature="setUp(java.lang.String,java.lang.String)[pri:0, instance:com.openCart.testCases.TC_RegistrationTest_001@435871cb]" started-at="2024-08-28T23:39:07 IST" name="setUp" finished-at="2024-08-28T23:39:12 IST" duration-ms="4755" status="PASS">
          <params>
            <param index="0">
              <value>
                <![CDATA[Linux]]>
              </value>
            </param>
            <param index="1">
              <value>
                <![CDATA[chrome]]>
              </value>
            </param>
          </params>
          <reporter-output>
          </reporter-output>
        </test-method> <!-- setUp -->
        <test-method signature="registrationTest()[pri:1, instance:com.openCart.testCases.TC_RegistrationTest_001@435871cb]" started-at="2024-08-28T23:39:12 IST" name="registrationTest" finished-at="2024-08-28T23:39:16 IST" duration-ms="4670" status="PASS">
          <reporter-output>
          </reporter-output>
        </test-method> <!-- registrationTest -->
        <test-method is-config="true" signature="tearDown()[pri:0, instance:com.openCart.testCases.TC_RegistrationTest_001@435871cb]" started-at="2024-08-28T23:39:17 IST" name="tearDown" finished-at="2024-08-28T23:39:17 IST" duration-ms="180" status="PASS">
          <reporter-output>
          </reporter-output>
        </test-method> <!-- tearDown -->
      </class> <!-- com.openCart.testCases.TC_RegistrationTest_001 -->
    </test> <!-- Linux-chrometest -->
    <test started-at="2024-08-28T23:39:25 IST" name="Linux-firefoxtest" finished-at="2024-08-28T23:39:55 IST" duration-ms="30790">
      <class name="com.openCart.testCases.TC_002_LoginTest">
        <test-method is-config="true" signature="setUp(java.lang.String,java.lang.String)[pri:0, instance:com.openCart.testCases.TC_002_LoginTest@3a62c01e]" started-at="2024-08-28T23:39:42 IST" name="setUp" finished-at="2024-08-28T23:39:51 IST" duration-ms="8942" status="PASS">
          <params>
            <param index="0">
              <value>
                <![CDATA[Linux]]>
              </value>
            </param>
            <param index="1">
              <value>
                <![CDATA[firefox]]>
              </value>
            </param>
          </params>
          <reporter-output>
          </reporter-output>
        </test-method> <!-- setUp -->
        <test-method signature="loginTest()[pri:2, instance:com.openCart.testCases.TC_002_LoginTest@3a62c01e]" started-at="2024-08-28T23:39:51 IST" name="loginTest" finished-at="2024-08-28T23:39:53 IST" duration-ms="2635" status="PASS">
          <reporter-output>
          </reporter-output>
        </test-method> <!-- loginTest -->
        <test-method is-config="true" signature="tearDown()[pri:0, instance:com.openCart.testCases.TC_002_LoginTest@3a62c01e]" started-at="2024-08-28T23:39:53 IST" name="tearDown" finished-at="2024-08-28T23:39:55 IST" duration-ms="1858" status="PASS">
          <reporter-output>
          </reporter-output>
        </test-method> <!-- tearDown -->
      </class> <!-- com.openCart.testCases.TC_002_LoginTest -->
      <class name="com.openCart.testCases.TC_RegistrationTest_001">
        <test-method is-config="true" signature="setUp(java.lang.String,java.lang.String)[pri:0, instance:com.openCart.testCases.TC_RegistrationTest_001@50fe837a]" started-at="2024-08-28T23:39:25 IST" name="setUp" finished-at="2024-08-28T23:39:35 IST" duration-ms="10552" status="PASS">
          <params>
            <param index="0">
              <value>
                <![CDATA[Linux]]>
              </value>
            </param>
            <param index="1">
              <value>
                <![CDATA[firefox]]>
              </value>
            </param>
          </params>
          <reporter-output>
          </reporter-output>
        </test-method> <!-- setUp -->
        <test-method signature="registrationTest()[pri:1, instance:com.openCart.testCases.TC_RegistrationTest_001@50fe837a]" started-at="2024-08-28T23:39:35 IST" name="registrationTest" finished-at="2024-08-28T23:39:40 IST" duration-ms="4824" status="PASS">
          <reporter-output>
          </reporter-output>
        </test-method> <!-- registrationTest -->
        <test-method is-config="true" signature="tearDown()[pri:0, instance:com.openCart.testCases.TC_RegistrationTest_001@50fe837a]" started-at="2024-08-28T23:39:40 IST" name="tearDown" finished-at="2024-08-28T23:39:42 IST" duration-ms="1937" status="PASS">
          <reporter-output>
          </reporter-output>
        </test-method> <!-- tearDown -->
      </class> <!-- com.openCart.testCases.TC_RegistrationTest_001 -->
    </test> <!-- Linux-firefoxtest -->
  </suite> <!-- Suite -->
</testng-results>
